生成启动时间为 2018-04-24 19:36:03。
     1>项目“D:\code\cndsteroids\PluginTemplate\PluginTemplate.vcxproj”在节点 2 上(Rebuild 个目标)。
     1>C:\Program Files (x86)\MSBuild\Microsoft.Cpp\v4.0\V120\Microsoft.CppBuild.targets(381,5): warning MSB8028: The intermediate directory (Debug\) contains files shared from another project (PluginTemplate.vcxproj).  This can lead to incorrect clean and rebuild behavior.
     1>ClCompile:
         D:\Program Files (x86)\Microsoft Visual Studio 12.0\VC\bin\CL.exe /c /Zi /nologo /W3 /WX- /sdl /Od /Ob0 /Oi /Oy- /D _CRT_SECURE_NO_WARNINGS /D _USING_V110_SDK71_ /D _WINDLL /D _MBCS /Gm- /EHsc /RTC1 /MDd /GS /Gy /fp:precise /Zc:wchar_t /Zc:forScope /Fo"Debug\\" /Fd"Debug\vc120.pdb" /Gd /TP /analyze- /errorReport:prompt plugin.cpp pluginmain.cpp
         plugin.cpp
         pluginmain.cpp
         正在生成代码...
       Link:
         D:\Program Files (x86)\Microsoft Visual Studio 12.0\VC\bin\link.exe /ERRORREPORT:PROMPT /OUT:"D:\code\cndsteroids\bin\x32d\cndsteroids.dp32" /NOLOGO kernel32.lib user32.lib gdi32.lib winspool.lib comdlg32.lib advapi32.lib shell32.lib ole32.lib oleaut32.lib uuid.lib odbc32.lib odbccp32.lib /MANIFEST /MANIFESTUAC:"level='asInvoker' uiAccess='false'" /manifest:embed /DEBUG /PDB:"D:\code\cndsteroids\bin\x32d\cndsteroids.pdb" /SUBSYSTEM:WINDOWS,"5.01" /OPT:REF /OPT:ICF /TLBID:1 /DYNAMICBASE /NXCOMPAT /IMPLIB:"D:\code\cndsteroids\bin\x32d\cndsteroids.lib" /MACHINE:X86 /SAFESEH /DLL Debug\plugin.obj
         Debug\pluginmain.obj
         pluginsdk\capstone\capstone_x86.lib
         pluginsdk\DeviceNameResolver\DeviceNameResolver_x86.lib
         pluginsdk\jansson\jansson_x86.lib
         pluginsdk\lz4\lz4_x86.lib
         pluginsdk\TitanEngine\TitanEngine_x86.lib
         pluginsdk\x32bridge.lib
         pluginsdk\x32dbg.lib
         pluginsdk\XEDParse\XEDParse_x86.lib
         pluginsdk\yara\yara_x86.lib
            正在创建库 D:\code\cndsteroids\bin\x32d\cndsteroids.lib 和对象 D:\code\cndsteroids\bin\x32d\cndsteroids.exp
         PluginTemplate.vcxproj -> D:\code\cndsteroids\bin\x32d\cndsteroids.dp32
       PostBuildEvent:
         copy "D:\code\cndsteroids\bin\x32d\cndsteroids.dp32" "D:\软件\逆向安全\x64dbg\snapshot_2018-03-06_00-01\release\x32\plugins"
         :VCEnd
         已复制         1 个文件。
     1>已完成生成项目“D:\code\cndsteroids\PluginTemplate\PluginTemplate.vcxproj”(Rebuild 个目标)的操作。

生成成功。

已用时间 00:00:15.64
